 obs_sequence
obs_type_definitions
           1
           1 RAW_STATE_VARIABLE             
  num_copies:            2  num_qc:            1
  num_obs:            9  max_num_obs:            9
observations                                                    
truth                                                           
Quality Control                                                 
  first:            1  last:            9
 OBS            1
  -1.35826917056884     
  -2.13707285326194     
  0.000000000000000E+000
          -1           2          -1
obdef
loc1d
   0.0976320288609713
kind
           1
     0         50
   1.00000000000000     
 OBS            2
 -0.807876035589463     
 -0.985332632779054     
  0.000000000000000E+000
           1           3          -1
obdef
loc1d
   0.1116066654212773
kind
           1
     0         50
   1.00000000000000     
 OBS            3
   3.60114554528965     
   2.26466743446326     
  0.000000000000000E+000
           2           4          -1
obdef
loc1d
   0.9123828439041972
kind
           1
     0         50
   1.00000000000000     
 OBS            4
   2.55545607761545     
   1.12943470411463     
  0.000000000000000E+000
           3           5          -1
obdef
loc1d
   0.0976320288609713
kind
           1
 21600         50
   1.00000000000000     
 OBS            5
   1.89342051824215     
   1.85236728036101     
  0.000000000000000E+000
           4           6          -1
obdef
loc1d
   0.1116066654212773
kind
           1
 21600         50
   1.00000000000000     
 OBS            6
   6.58904734381256     
   5.83597112010757     
  0.000000000000000E+000
           5           7          -1
obdef
loc1d
   0.9123828439041972
kind
           1
 21600         50
   1.00000000000000     
 OBS            7
   3.02173086134146     
   3.44277998357160     
  0.000000000000000E+000
           6           8          -1
obdef
loc1d
   0.0976320288609713
kind
           1
 43200         50
   1.00000000000000     
 OBS            8
   6.25397621417525     
   4.59756248360005     
  0.000000000000000E+000
           7           9          -1
obdef
loc1d
   0.1116066654212773
kind
           1
 43200         50
   1.00000000000000     
 OBS            9
 -0.102016160981270     
   2.00091014838491     
  0.000000000000000E+000
           8          -1          -1
obdef
loc1d
   0.9123828439041972
kind
           1
 43200         50
   1.00000000000000     
