 obs_sequence
obs_type_definitions
           1
           5 RAW_STATE_VAR_POWER            
  num_copies:            0  num_qc:            0
  num_obs:            3  max_num_obs:            3
  first:            1  last:            3
 OBS            1
          -1           2          -1
obdef
loc1d
   0.0976320288609713
kind
           5
  0.500000000000000     
           1
     0          0
  0.125000000000000     
 OBS            2
           1           3          -1
obdef
loc1d
   0.1116066654212773
kind
           5
  0.500000000000000     
           2
     0          0
  0.125000000000000     
 OBS            3
           2          -1          -1
obdef
loc1d
   0.9123828439041972
kind
           5
  0.500000000000000     
           3
     0          0
  0.125000000000000     
